2026-05-07 02:11:16 | INFO | ============================================================
2026-05-07 02:11:16 | INFO | Run started at 2026-05-07T02:11:16+00:00
2026-05-07 02:11:18 | INFO | Drive folder id: 1oQpEvowEa2XJ7StfG2Je8T7yNuwaV98F
2026-05-07 02:11:18 | INFO | Folder has 20 files
2026-05-07 02:11:18 | INFO | Matched files:
2026-05-07 02:11:18 | INFO |   sales_xlsx: 商店銷售統計表_20260507090044.xlsx (mtime=2026-05-07T01:00:44.429Z)
2026-05-07 02:11:18 | INFO |   product_csv: 商品報表_utf8_bom.csv (mtime=2026-05-07T01:00:09.808Z)
2026-05-07 02:11:18 | INFO | Downloading 商店銷售統計表_20260507090044.xlsx → /home/runner/work/kocskin-reports/kocskin-reports/downloads/商店銷售統計表_20260507090044.xlsx
2026-05-07 02:11:19 | INFO | Downloading 商品報表_utf8_bom.csv → /home/runner/work/kocskin-reports/kocskin-reports/downloads/商品報表_utf8_bom.csv
2026-05-07 02:11:20 | INFO | Parsed sales xlsx: 6 daily rows
2026-05-07 02:11:20 | INFO | Sales period: 2026-05-01 ~ 2026-05-06 (6 days)
2026-05-07 02:11:20 | INFO | Parsed product csv: 41 rows
2026-05-07 02:11:21 | INFO | FB token: never expires (System User) ✓
2026-05-07 02:11:28 | INFO | FB: fetched 1430 ads in account
2026-05-07 02:11:30 | INFO | FB: fetched 35 insight rows for 2026-05-01 ~ 2026-05-06
2026-05-07 02:11:30 | INFO | FB: normalized 1430 records (35 with spend, 1395 without)
2026-05-07 02:11:30 | INFO | FB: 1430 ad records fetched
2026-05-07 02:11:33 | INFO | GA: 6 daily rows, 13 sources, 3 devices, 15 landing pages | totals sessions=7147 users=5365 conversions=16573
2026-05-07 02:11:33 | INFO | Running staticrypt encryption…
2026-05-07 02:11:36 | INFO | Encrypted HTML written to /home/runner/work/kocskin-reports/kocskin-reports/dist/index.html
2026-05-07 02:11:36 | INFO | Run complete. orders=2683 ad_spend=48411 blended_roas=68.59 ga_sessions=7147
2026-05-07 02:11:36 | INFO | Exit code: 0
2026-05-12 02:11:30 | INFO | ============================================================
2026-05-12 02:11:30 | INFO | Run started at 2026-05-12T02:11:30+00:00
2026-05-12 02:11:31 | INFO | Drive folder id: 1oQpEvowEa2XJ7StfG2Je8T7yNuwaV98F
2026-05-12 02:11:31 | INFO | Folder has 25 files
2026-05-12 02:11:31 | INFO | Matched files:
2026-05-12 02:11:31 | INFO |   sales_xlsx: 商店銷售統計表_20260512064622.xlsx (mtime=2026-05-11T22:46:22.036Z)
2026-05-12 02:11:31 | INFO |   product_csv: 商品報表_utf8_bom (5).csv (mtime=2026-05-11T22:46:03.945Z)
2026-05-12 02:11:31 | INFO | Downloading 商店銷售統計表_20260512064622.xlsx → /home/runner/work/kocskin-reports/kocskin-reports/downloads/商店銷售統計表_20260512064622.xlsx
2026-05-12 02:11:32 | INFO | Downloading 商品報表_utf8_bom (5).csv → /home/runner/work/kocskin-reports/kocskin-reports/downloads/商品報表_utf8_bom (5).csv
2026-05-12 02:11:33 | INFO | Parsed sales xlsx: 11 daily rows
2026-05-12 02:11:33 | INFO | Sales period: 2026-05-01 ~ 2026-05-11 (11 days)
2026-05-12 02:11:33 | INFO | Parsed product csv: 52 rows
2026-05-12 02:11:33 | INFO | FB token: never expires (System User) ✓
2026-05-12 02:11:40 | INFO | FB: fetched 1434 ads in account
2026-05-12 02:11:57 | INFO | FB: fetched 43 insight rows for 2026-05-01 ~ 2026-05-11
2026-05-12 02:11:57 | INFO | FB: normalized 1434 records (43 with spend, 1391 without)
2026-05-12 02:11:57 | INFO | FB: 1434 ad records fetched
2026-05-12 02:12:01 | INFO | GA: 11 daily rows, 14 sources, 3 devices, 15 landing pages | totals sessions=13384 users=7680 conversions=32191
2026-05-12 02:12:01 | INFO | Running staticrypt encryption…
2026-05-12 02:12:04 | INFO | Encrypted HTML written to /home/runner/work/kocskin-reports/kocskin-reports/dist/index.html
2026-05-12 02:12:04 | INFO | Run complete. orders=3233 ad_spend=100302 blended_roas=41.46 ga_sessions=13384
2026-05-12 02:12:04 | INFO | Exit code: 0
2026-05-17 02:11:13 | INFO | ============================================================
2026-05-17 02:11:13 | INFO | Run started at 2026-05-17T02:11:13+00:00
2026-05-17 02:11:13 | INFO | Drive folder id: 1oQpEvowEa2XJ7StfG2Je8T7yNuwaV98F
2026-05-17 02:11:14 | INFO | Folder has 28 files
2026-05-17 02:11:14 | INFO | Matched files:
2026-05-17 02:11:14 | INFO |   sales_xlsx: 商店銷售統計表_20260517084706.xlsx (mtime=2026-05-17T00:47:06.399Z)
2026-05-17 02:11:14 | INFO |   product_csv: 商品報表_utf8_bom.csv (mtime=2026-05-17T00:46:38.159Z)
2026-05-17 02:11:14 | INFO | Downloading 商店銷售統計表_20260517084706.xlsx → /home/runner/work/kocskin-reports/kocskin-reports/downloads/商店銷售統計表_20260517084706.xlsx
2026-05-17 02:11:14 | INFO | Downloading 商品報表_utf8_bom.csv → /home/runner/work/kocskin-reports/kocskin-reports/downloads/商品報表_utf8_bom.csv
2026-05-17 02:11:15 | INFO | Parsed sales xlsx: 16 daily rows
2026-05-17 02:11:15 | INFO | Sales period: 2026-05-01 ~ 2026-05-16 (16 days)
2026-05-17 02:11:15 | INFO | Parsed product csv: 57 rows
2026-05-17 02:11:16 | INFO | FB token: never expires (System User) ✓
2026-05-17 02:11:21 | INFO | FB: fetched 1438 ads in account
2026-05-17 02:11:24 | INFO | FB: fetched 47 insight rows for 2026-05-01 ~ 2026-05-16
2026-05-17 02:11:24 | INFO | FB: normalized 1438 records (47 with spend, 1391 without)
2026-05-17 02:11:24 | INFO | FB: 1438 ad records fetched
2026-05-17 02:11:28 | INFO | GA: 16 daily rows, 13 sources, 3 devices, 15 landing pages | totals sessions=18498 users=9480 conversions=44442
2026-05-17 02:11:28 | INFO | Running staticrypt encryption…
2026-05-17 02:11:31 | INFO | Encrypted HTML written to /home/runner/work/kocskin-reports/kocskin-reports/dist/index.html
2026-05-17 02:11:31 | INFO | Run complete. orders=3576 ad_spend=150197 blended_roas=30.78 ga_sessions=18498
2026-05-17 02:11:31 | INFO | Exit code: 0
2026-05-17 12:28:24 | INFO | ============================================================
2026-05-17 12:28:24 | INFO | Run started at 2026-05-17T12:28:24+00:00
2026-05-17 12:28:24 | INFO | Drive folder id: 1oQpEvowEa2XJ7StfG2Je8T7yNuwaV98F
2026-05-17 12:28:25 | INFO | Folder has 28 files
2026-05-17 12:28:25 | INFO | Matched files:
2026-05-17 12:28:25 | INFO |   sales_xlsx: 商店銷售統計表_20260517084706.xlsx (mtime=2026-05-17T00:47:06.399Z)
2026-05-17 12:28:25 | INFO |   product_csv: 商品報表_utf8_bom.csv (mtime=2026-05-17T00:46:38.159Z)
2026-05-17 12:28:25 | INFO | Downloading 商店銷售統計表_20260517084706.xlsx → /home/runner/work/kocskin-reports/kocskin-reports/downloads/商店銷售統計表_20260517084706.xlsx
2026-05-17 12:28:25 | INFO | Downloading 商品報表_utf8_bom.csv → /home/runner/work/kocskin-reports/kocskin-reports/downloads/商品報表_utf8_bom.csv
2026-05-17 12:28:26 | INFO | Parsed sales xlsx: 16 daily rows
2026-05-17 12:28:26 | INFO | Report period (this month): 2026-05-01 ~ 2026-05-17
2026-05-17 12:28:26 | INFO | Sales xlsx covers 16 days (2026-05-01 ~ 2026-05-16) — merged into history
2026-05-17 12:28:26 | INFO | Parsed product csv: 57 rows
2026-05-17 12:28:26 | INFO | FB token: never expires (System User) ✓
2026-05-17 12:28:32 | INFO | FB: fetched 1438 ads in account
2026-05-17 12:28:36 | INFO | FB: fetched 47 insight rows for 2026-05-01 ~ 2026-05-17
2026-05-17 12:28:36 | INFO | FB: normalized 1438 records (47 with spend, 1391 without)
2026-05-17 12:28:36 | INFO | FB: 1438 ad records fetched
2026-05-17 12:28:41 | INFO | GA: 17 daily rows, 13 sources, 3 devices, 15 landing pages | totals sessions=18933 users=9606 conversions=45218
2026-05-17 12:28:41 | INFO | Running staticrypt encryption…
2026-05-17 12:28:42 | INFO | Encrypted HTML written to /home/runner/work/kocskin-reports/kocskin-reports/dist/index.html
2026-05-17 12:28:44 | INFO |   Created folder: 1oQpEvowEa2XJ7StfG2Je8T7yNuwaV98F/archive
2026-05-17 12:28:45 | INFO |   Created folder: 1PBSXkbKvcjMM2mUFtmWfRfwZwOrhS3_I/2026-05
2026-05-17 12:28:46 | INFO |   Archived 商店銷售統計表_20260512064622.xlsx → archive/2026-05/
2026-05-17 12:28:47 | INFO |   Archived 商店銷售統計表_20260511182439.xlsx → archive/2026-05/
2026-05-17 12:28:49 | INFO |   Archived 商店銷售統計表_20260510211247.xlsx → archive/2026-05/
2026-05-17 12:28:50 | INFO |   Archived 商店銷售統計表_20260507090044.xlsx → archive/2026-05/
2026-05-17 12:28:51 | INFO |   Created folder: 1PBSXkbKvcjMM2mUFtmWfRfwZwOrhS3_I/2026-04
2026-05-17 12:28:52 | INFO |   Archived 商店銷售統計表_20260430060041.xlsx → archive/2026-04/
2026-05-17 12:28:54 | INFO |   Archived 商店銷售統計表_20260429080636.xlsx → archive/2026-04/
2026-05-17 12:28:55 | INFO |   Archived 商店銷售統計表_20260428075629.xlsx → archive/2026-04/
2026-05-17 12:28:57 | INFO |   Archived 商店銷售統計表_20260427075912.xlsx → archive/2026-04/
2026-05-17 12:28:58 | INFO |   Archived 商店銷售統計表_20260426095913.xlsx → archive/2026-04/
2026-05-17 12:29:00 | INFO |   Archived 商店銷售統計表_20260425084426.xlsx → archive/2026-04/
2026-05-17 12:29:01 | INFO |   Archived 商店銷售統計表_20260424081936.xlsx → archive/2026-04/
2026-05-17 12:29:03 | INFO |   Archived 商店銷售統計表_20260423072821.xlsx → archive/2026-04/
2026-05-17 12:29:04 | INFO |   Archived 商店銷售統計表_20260422080633.xlsx → archive/2026-04/
2026-05-17 12:29:06 | INFO |   Archived 商店銷售統計表_20260421064650.xlsx → archive/2026-04/
2026-05-17 12:29:07 | INFO |   Archived 商店銷售統計表_20260420083555.xlsx → archive/2026-04/
2026-05-17 12:29:09 | INFO |   Archived 商店銷售統計表_20260419081012.xlsx → archive/2026-04/
2026-05-17 12:29:10 | INFO |   Archived 商店銷售統計表_20260418085621.xlsx → archive/2026-04/
2026-05-17 12:29:11 | INFO |   Archived 商店銷售統計表_20260418052537.xlsx → archive/2026-04/
2026-05-17 12:29:13 | INFO |   Archived 商品報表_utf8_bom (6).csv → archive/2026-05/
2026-05-17 12:29:14 | INFO |   Archived 商品報表_utf8_bom (5).csv → archive/2026-05/
2026-05-17 12:29:16 | INFO |   Archived 商品報表_utf8_bom (4).csv → archive/2026-05/
2026-05-17 12:29:17 | INFO |   Archived 商品報表_utf8_bom (3).csv → archive/2026-04/
2026-05-17 12:29:18 | INFO |   Archived 商品報表_utf8_bom (2).csv → archive/2026-04/
2026-05-17 12:29:20 | INFO |   Archived 商品報表_utf8_bom (1).csv → archive/2026-04/
2026-05-17 12:29:20 | INFO | Archive: 24 old file(s) moved
2026-05-17 12:29:20 | INFO | Run complete. month=2026-05 orders=1318 ad_spend=152349 blended_roas=11.71 ga_sessions=19418
2026-05-17 12:29:20 | INFO | Exit code: 0
2026-05-17 12:38:19 | INFO | ============================================================
2026-05-17 12:38:19 | INFO | Run started at 2026-05-17T12:38:19+00:00
2026-05-17 12:38:20 | INFO | Drive folder id: 1oQpEvowEa2XJ7StfG2Je8T7yNuwaV98F
2026-05-17 12:38:20 | INFO | Folder has 5 files
2026-05-17 12:38:20 | INFO | Matched files:
2026-05-17 12:38:20 | INFO |   sales_xlsx: 商店銷售統計表_20260517084706.xlsx (mtime=2026-05-17T00:47:06.399Z)
2026-05-17 12:38:20 | INFO |   product_csv: 商品報表_utf8_bom.csv (mtime=2026-05-17T00:46:38.159Z)
2026-05-17 12:38:20 | INFO | Downloading 商店銷售統計表_20260517084706.xlsx → /home/runner/work/kocskin-reports/kocskin-reports/downloads/商店銷售統計表_20260517084706.xlsx
2026-05-17 12:38:20 | INFO | Downloading 商品報表_utf8_bom.csv → /home/runner/work/kocskin-reports/kocskin-reports/downloads/商品報表_utf8_bom.csv
2026-05-17 12:38:21 | INFO | Parsed sales xlsx: 16 daily rows
2026-05-17 12:38:21 | INFO | Report period (this month): 2026-05-01 ~ 2026-05-17
2026-05-17 12:38:21 | INFO | Sales xlsx covers 16 days (2026-05-01 ~ 2026-05-16) — merged into history
2026-05-17 12:38:21 | INFO | Parsed product csv: 57 rows
2026-05-17 12:38:21 | INFO | FB token: never expires (System User) ✓
2026-05-17 12:38:26 | INFO | FB: fetched 1438 ads in account
2026-05-17 12:38:30 | INFO | FB: fetched 47 insight rows for 2026-05-01 ~ 2026-05-17
2026-05-17 12:38:30 | INFO | FB: normalized 1438 records (47 with spend, 1391 without)
2026-05-17 12:38:30 | INFO | FB: 1438 ad records fetched
2026-05-17 12:38:34 | INFO | GA: 17 daily rows, 13 sources, 3 devices, 15 landing pages | totals sessions=18933 users=9611 conversions=45226
2026-05-17 12:38:34 | INFO | Running staticrypt encryption…
2026-05-17 12:38:37 | INFO | Encrypted HTML written to /home/runner/work/kocskin-reports/kocskin-reports/dist/index.html
2026-05-17 12:38:37 | INFO | Archive: nothing to move (only newest of each pattern present)
2026-05-17 12:38:37 | INFO | Run complete. month=2026-05 orders=1318 ad_spend=152378 blended_roas=11.71 ga_sessions=19421
2026-05-17 12:38:37 | INFO | Exit code: 0
2026-05-18 02:11:19 | INFO | ============================================================
2026-05-18 02:11:19 | INFO | Run started at 2026-05-18T02:11:19+00:00
2026-05-18 02:11:20 | INFO | Drive folder id: 1oQpEvowEa2XJ7StfG2Je8T7yNuwaV98F
2026-05-18 02:11:20 | INFO | Folder has 6 files
2026-05-18 02:11:20 | INFO | Matched files:
2026-05-18 02:11:20 | INFO |   sales_xlsx: 商店銷售統計表_20260518083445.xlsx (mtime=2026-05-18T00:34:45.840Z)
2026-05-18 02:11:20 | INFO |   product_csv: 商品報表_utf8_bom.csv (mtime=2026-05-18T00:34:12.451Z)
2026-05-18 02:11:20 | INFO | Downloading 商店銷售統計表_20260518083445.xlsx → /home/runner/work/kocskin-reports/kocskin-reports/downloads/商店銷售統計表_20260518083445.xlsx
2026-05-18 02:11:21 | INFO | Downloading 商品報表_utf8_bom.csv → /home/runner/work/kocskin-reports/kocskin-reports/downloads/商品報表_utf8_bom.csv
2026-05-18 02:11:22 | INFO | Parsed sales xlsx: 17 daily rows
2026-05-18 02:11:22 | INFO | Report period (this month): 2026-05-01 ~ 2026-05-18
2026-05-18 02:11:22 | INFO | Sales xlsx covers 17 days (2026-05-01 ~ 2026-05-17) — merged into history
2026-05-18 02:11:22 | INFO | Parsed product csv: 57 rows
2026-05-18 02:11:23 | INFO | FB token: never expires (System User) ✓
2026-05-18 02:11:29 | INFO | FB: fetched 1438 ads in account
2026-05-18 02:11:33 | INFO | FB: fetched 47 insight rows for 2026-05-01 ~ 2026-05-18
2026-05-18 02:11:33 | INFO | FB: normalized 1438 records (47 with spend, 1391 without)
2026-05-18 02:11:33 | INFO | FB: 1438 ad records fetched
2026-05-18 02:11:37 | INFO | GA: 18 daily rows, 13 sources, 3 devices, 15 landing pages | totals sessions=19314 users=9746 conversions=45927
2026-05-18 02:11:37 | INFO | Running staticrypt encryption…
2026-05-18 02:11:40 | INFO | Encrypted HTML written to /home/runner/work/kocskin-reports/kocskin-reports/dist/index.html
2026-05-18 02:11:42 | INFO |   Archived 商店銷售統計表_20260517084706.xlsx → archive/2026-05/
2026-05-18 02:11:42 | INFO | Archive: 1 old file(s) moved
2026-05-18 02:11:42 | INFO | Run complete. month=2026-05 orders=1349 ad_spend=153561 blended_roas=11.83 ga_sessions=19787
2026-05-18 02:11:42 | INFO | Exit code: 0
